
[dotenv@17.2.3] injecting env (0) from .env -- tip: 🔐 prevent building .env in docker: https://dotenvx.com/prebuild
[22:59:10.030] [32mINFO[39m (85906): [36mDatabase initialized[39m
[22:59:10.031] [32mINFO[39m (85906): [36mState loaded[39m
    [35mgroupCount[39m: 1
[22:59:11.509] [32mINFO[39m (85906): [36mconnected to WA[39m
    [35mbrowser[39m: [
      "NanoClaw",
      "Chrome",
      "1.0.0"
    ]
    [35mhelloMsg[39m: {
      "clientHello": {
        "ephemeral": "M5qr2vyFEmmihRi1iMmID2+glk8lK0AfwMie7Qic7yk="
      }
    }
[22:59:11.781] [32mINFO[39m (85906): [36mlogging in...[39m
    [35mnode[39m: {
      "username": "8617600663150",
      "passive": true,
      "userAgent": {
        "platform": "WEB",
        "appVersion": {
          "primary": 2,
          "secondary": 3000,
          "tertiary": 1027934701
        },
        "mcc": "000",
        "mnc": "000",
        "osVersion": "0.1",
        "device": "Desktop",
        "osBuildNumber": "0.1",
        "releaseChannel": "RELEASE",
        "localeLanguageIso6391": "en",
        "localeCountryIso31661Alpha2": "US"
      },
      "webInfo": {
        "webSubPlatform": "WEB_BROWSER"
      },
      "connectType": "WIFI_UNKNOWN",
      "connectReason": "USER_ACTIVATED",
      "device": 6,
      "pull": true,
      "lidDbMigrated": false
    }
[22:59:12.330] [32mINFO[39m (85906): [36m812 pre-keys found on server[39m
[22:59:12.330] [32mINFO[39m (85906): [36mCurrent prekey ID: 812, exists in storage: true[39m
[22:59:12.330] [32mINFO[39m (85906): [36mPreKey validation passed - Server: 812, Current prekey 812 exists[39m
[22:59:12.818] [32mINFO[39m (85906): [36mhandled 0 offline messages/notifications[39m
[22:59:12.818] [32mINFO[39m (85906): [36mConnection is now AwaitingInitialSync, buffering events[39m
[22:59:12.819] [32mINFO[39m (85906): [36mHistory sync is enabled, awaiting notification with a 20s timeout.[39m
[22:59:13.204] [32mINFO[39m (85906): [36mopened connection to WA[39m
[22:59:13.207] [32mINFO[39m (85906): [36mConnected to WhatsApp[39m
[22:59:13.208] [32mINFO[39m (85906): [36mScheduler loop started[39m
[22:59:13.209] [32mINFO[39m (85906): [36mIPC watcher started (per-group namespaces)[39m
[22:59:13.210] [32mINFO[39m (85906): [36mNanoClaw running (trigger: @NanoClaw)[39m
[22:59:13.214] [32mINFO[39m (85906): [36mNew messages[39m
    [35mcount[39m: 2
[22:59:13.215] [32mINFO[39m (85906): [36mNew message received[39m
    [35mgroup[39m: "Main"
    [35muser[39m: "zhaosj"
    [35mcontent[39m: "重新启动通信链路以发送至我的手机"
[22:59:13.220] [32mINFO[39m (85906): [36mProcessing message with memory and context[39m
    [35mgroup[39m: "Main"
    [35muser[39m: "zhaosj"
    [35mcontextSize[39m: 50
    [35mmemorySize[39m: 0
[22:59:13.230] [32mINFO[39m (85906): [36mOwn LID session created successfully[39m
    [35mmyPN[39m: "8617600663150:6@s.whatsapp.net"
    [35mmyLID[39m: "98153609072756:6@lid"
